Tue Apr 13 08:56:30 PDT 2021  [debug] AvalonLogSystem initialized using logfile 'velocity.log'
Tue Apr 13 08:56:30 PDT 2021   [info] ************************************************************** 
Tue Apr 13 08:56:30 PDT 2021   [info] Starting Jakarta Velocity v1.4
Tue Apr 13 08:56:30 PDT 2021   [info] RuntimeInstance initializing.
Tue Apr 13 08:56:30 PDT 2021   [info] Default Properties File: org/apache/velocity/runtime/defaults/velocity.properties
Tue Apr 13 08:56:30 PDT 2021   [info] Trying to use logger class org.apache.velocity.runtime.log.AvalonLogSystem
Tue Apr 13 08:56:30 PDT 2021   [info] Using logger class org.apache.velocity.runtime.log.AvalonLogSystem
Tue Apr 13 08:56:30 PDT 2021   [info] Default ResourceManager initializing. (class org.apache.velocity.runtime.resource.ResourceManagerImpl)
Tue Apr 13 08:56:30 PDT 2021   [info] Resource Loader Instantiated: org.apache.velocity.runtime.resource.loader.FileResourceLoader
Tue Apr 13 08:56:30 PDT 2021   [info] FileResourceLoader : initialization starting.
Tue Apr 13 08:56:30 PDT 2021   [info] FileResourceLoader : adding path '/root/altera/13.0/ip/altera/nco/lib//template'
Tue Apr 13 08:56:30 PDT 2021   [info] FileResourceLoader : adding path '.'
Tue Apr 13 08:56:30 PDT 2021   [info] FileResourceLoader : initialization complete.
Tue Apr 13 08:56:30 PDT 2021   [info] Resource Loader Instantiated: org.apache.velocity.runtime.resource.loader.JarResourceLoader
Tue Apr 13 08:56:30 PDT 2021   [info] JarResourceLoader : initialization starting.
Tue Apr 13 08:56:30 PDT 2021   [info] JarResourceLoader # of paths : 0
Tue Apr 13 08:56:30 PDT 2021   [info] JarResourceLoader : initialization complete.
Tue Apr 13 08:56:30 PDT 2021   [info] Resource Loader Instantiated: org.apache.velocity.runtime.resource.loader.ClasspathResourceLoader
Tue Apr 13 08:56:30 PDT 2021   [info] ClasspathResourceLoader : initialization starting.
Tue Apr 13 08:56:30 PDT 2021   [info] ClasspathResourceLoader : initialization complete.
Tue Apr 13 08:56:30 PDT 2021   [info] ResourceCache : initialized. (class org.apache.velocity.runtime.resource.ResourceCacheImpl)
Tue Apr 13 08:56:30 PDT 2021   [info] Default ResourceManager initialization complete.
Tue Apr 13 08:56:30 PDT 2021   [info] Loaded System Directive: org.apache.velocity.runtime.directive.Literal
Tue Apr 13 08:56:30 PDT 2021   [info] Loaded System Directive: org.apache.velocity.runtime.directive.Macro
Tue Apr 13 08:56:30 PDT 2021   [info] Loaded System Directive: org.apache.velocity.runtime.directive.Parse
Tue Apr 13 08:56:30 PDT 2021   [info] Loaded System Directive: org.apache.velocity.runtime.directive.Include
Tue Apr 13 08:56:30 PDT 2021   [info] Loaded System Directive: org.apache.velocity.runtime.directive.Foreach
Tue Apr 13 08:56:31 PDT 2021   [info] Created: 20 parsers.
Tue Apr 13 08:56:31 PDT 2021   [info] Velocimacro : initialization starting.
Tue Apr 13 08:56:31 PDT 2021   [info] Velocimacro : adding VMs from VM library template : VM_global_library.vm
Tue Apr 13 08:56:31 PDT 2021   [info] Velocimacro : added new VM : #listall( list ) : source = VM_global_library.vm
Tue Apr 13 08:56:31 PDT 2021   [info] Velocimacro : added new VM : #listlist( list ) : source = VM_global_library.vm
Tue Apr 13 08:56:31 PDT 2021   [info] ResourceManager : found VM_global_library.vm with loader org.apache.velocity.runtime.resource.loader.ClasspathResourceLoader
Tue Apr 13 08:56:31 PDT 2021   [info] Velocimacro :  VM library template macro registration complete.
Tue Apr 13 08:56:31 PDT 2021   [info] Velocimacro : allowInline = true : VMs can be defined inline in templates
Tue Apr 13 08:56:31 PDT 2021   [info] Velocimacro : allowInlineToOverride = false : VMs defined inline may NOT replace previous VM definitions
Tue Apr 13 08:56:31 PDT 2021   [info] Velocimacro : allowInlineLocal = false : VMs defined inline will be  global in scope if allowed.
Tue Apr 13 08:56:31 PDT 2021   [info] Velocimacro : messages on  : VM system will output logging messages
Tue Apr 13 08:56:31 PDT 2021   [info] Velocimacro : autoload off  : VM system will not automatically reload global library macros
Tue Apr 13 08:56:31 PDT 2021   [info] Velocimacro : initialization complete.
Tue Apr 13 08:56:31 PDT 2021   [info] Velocity successfully started.
Tue Apr 13 08:56:31 PDT 2021   [info] ResourceManager : found nco_nativelink_tcl.vm with loader org.apache.velocity.runtime.resource.loader.ClasspathResourceLoader
Tue Apr 13 08:56:31 PDT 2021   [info] ResourceManager : found alt_license_tcl.txt with loader org.apache.velocity.runtime.resource.loader.ClasspathResourceLoader
