Flow report for dac
Wed Apr 14 06:34:24 2021
Quartus II 64-Bit Version 15.0.0 Build 145 04/22/2015 SJ Full Version


---------------------
; Table of Contents ;
---------------------
  1. Legal Notice
  2. Flow Summary
  3. Flow Settings
  4. Flow Non-Default Global Settings
  5. Flow Elapsed Time
  6. Flow OS Summary
  7. Flow Log
  8. Flow Messages
  9. Flow Suppressed Messages



----------------
; Legal Notice ;
----------------
Copyright (C) 1991-2015 Altera Corporation. All rights reserved.
Your use of Altera Corporation's design tools, logic functions 
and other software and tools, and its AMPP partner logic 
functions, and any output files from any of the foregoing 
(including device programming or simulation files), and any 
associated documentation or information are expressly subject 
to the terms and conditions of the Altera Program License 
Subscription Agreement, the Altera Quartus II License Agreement,
the Altera MegaCore Function License Agreement, or other 
applicable license agreement, including, without limitation, 
that your use is for the sole purpose of programming logic 
devices manufactured by Altera and sold by Altera or its 
authorized distributors.  Please refer to the applicable 
agreement for further details.



+-------------------------------------------------------------------------------+
; Flow Summary                                                                  ;
+---------------------------------+---------------------------------------------+
; Flow Status                     ; Successful - Wed Apr 14 06:34:24 2021       ;
; Quartus II 64-Bit Version       ; 15.0.0 Build 145 04/22/2015 SJ Full Version ;
; Revision Name                   ; dac                                         ;
; Top-level Entity Name           ; dac                                         ;
; Family                          ; Cyclone V                                   ;
; Device                          ; 5CSEMA5F31C6                                ;
; Timing Models                   ; Final                                       ;
; Logic utilization (in ALMs)     ; 4,327 / 32,070 ( 13 % )                     ;
; Total registers                 ; 473                                         ;
; Total pins                      ; 72 / 457 ( 16 % )                           ;
; Total virtual pins              ; 0                                           ;
; Total block memory bits         ; 21,504 / 4,065,280 ( < 1 % )                ;
; Total DSP Blocks                ; 2 / 87 ( 2 % )                              ;
; Total HSSI RX PCSs              ; 0                                           ;
; Total HSSI PMA RX Deserializers ; 0                                           ;
; Total HSSI TX PCSs              ; 0                                           ;
; Total HSSI PMA TX Serializers   ; 0                                           ;
; Total PLLs                      ; 1 / 6 ( 17 % )                              ;
; Total DLLs                      ; 0 / 4 ( 0 % )                               ;
+---------------------------------+---------------------------------------------+


+-----------------------------------------+
; Flow Settings                           ;
+-------------------+---------------------+
; Option            ; Setting             ;
+-------------------+---------------------+
; Start date & time ; 04/14/2021 06:31:52 ;
; Main task         ; Compilation         ;
; Revision Name     ; dac                 ;
+-------------------+---------------------+


+-----------------------------------------------------------------------------------------------------------------------------------------------------+
; Flow Non-Default Global Settings                                                                                                                    ;
+-------------------------------------+----------------------------------------------------------------+---------------+-------------+----------------+
; Assignment Name                     ; Value                                                          ; Default Value ; Entity Name ; Section Id     ;
+-------------------------------------+----------------------------------------------------------------+---------------+-------------+----------------+
; COMPILER_SIGNATURE_ID               ; 79497675100178.161840711232060                                 ; --            ; --          ; --             ;
; EDA_OUTPUT_DATA_FORMAT              ; Vhdl                                                           ; --            ; --          ; eda_simulation ;
; EDA_SIMULATION_TOOL                 ; ModelSim-Altera (VHDL)                                         ; <None>        ; --          ; --             ;
; MAX_CORE_JUNCTION_TEMP              ; 85                                                             ; --            ; --          ; --             ;
; MIN_CORE_JUNCTION_TEMP              ; 0                                                              ; --            ; --          ; --             ;
; MISC_FILE                           ; pll_125.cmp                                                    ; --            ; --          ; --             ;
; MISC_FILE                           ; pll_125_sim/pll_125.vho                                        ; --            ; --          ; --             ;
; MISC_FILE                           ; nco-library/cordic_24_m.v                                      ; --            ; --          ; --             ;
; MISC_FILE                           ; nco-library/asj_nco_pmd2gam.v                                  ; --            ; --          ; --             ;
; MISC_FILE                           ; nco-library/asj_nco_mob_sw.v                                   ; --            ; --          ; --             ;
; MISC_FILE                           ; nco-library/cordic_15_m.v                                      ; --            ; --          ; --             ;
; MISC_FILE                           ; nco-library/auk_dspip_text_pkg.vhd                             ; --            ; --          ; --             ;
; MISC_FILE                           ; nco-library/cordic_30_m.v                                      ; --            ; --          ; --             ;
; MISC_FILE                           ; nco-library/segment_arr_tdl.v                                  ; --            ; --          ; --             ;
; MISC_FILE                           ; nco-library/cord_acc_ena.v                                     ; --            ; --          ; --             ;
; MISC_FILE                           ; nco-library/cordic_zxor_1p_lpm.v                               ; --            ; --          ; --             ;
; MISC_FILE                           ; nco-library/cordic_8_m.v                                       ; --            ; --          ; --             ;
; MISC_FILE                           ; nco-library/dop_reg.v                                          ; --            ; --          ; --             ;
; MISC_FILE                           ; nco-library/cord_lut.v                                         ; --            ; --          ; --             ;
; MISC_FILE                           ; nco-library/auk_dspip_avalon_streaming_sink.vhd                ; --            ; --          ; --             ;
; MISC_FILE                           ; nco-library/auk_dspip_avalon_streaming_controller_pe.vhd       ; --            ; --          ; --             ;
; MISC_FILE                           ; nco-library/asj_nco_isdr_throughput2.v                         ; --            ; --          ; --             ;
; MISC_FILE                           ; nco-library/cordic_zxor_ser.v                                  ; --            ; --          ; --             ;
; MISC_FILE                           ; nco-library/mac_i_lpmd.v                                       ; --            ; --          ; --             ;
; MISC_FILE                           ; nco-library/asj_altq.v                                         ; --            ; --          ; --             ;
; MISC_FILE                           ; nco-library/asj_nco_as_m_dp.v                                  ; --            ; --          ; --             ;
; MISC_FILE                           ; nco-library/asj_nco_mcout.v                                    ; --            ; --          ; --             ;
; MISC_FILE                           ; nco-library/asj_dxx.v                                          ; --            ; --          ; --             ;
; MISC_FILE                           ; nco-library/lmsd.v                                             ; --            ; --          ; --             ;
; MISC_FILE                           ; nco-library/cord_en.v                                          ; --            ; --          ; --             ;
; MISC_FILE                           ; nco-library/asj_nco_mob_rw.v                                   ; --            ; --          ; --             ;
; MISC_FILE                           ; nco-library/cordic_26_m.v                                      ; --            ; --          ; --             ;
; MISC_FILE                           ; nco-library/cordic_sxor_1p_lpm.v                               ; --            ; --          ; --             ;
; MISC_FILE                           ; nco-library/cordic_27_m.v                                      ; --            ; --          ; --             ;
; MISC_FILE                           ; nco-library/asj_xnqg.v                                         ; --            ; --          ; --             ;
; MISC_FILE                           ; nco-library/cordic_10_m.v                                      ; --            ; --          ; --             ;
; MISC_FILE                           ; nco-library/cordic_19_m.v                                      ; --            ; --          ; --             ;
; MISC_FILE                           ; nco-library/cordic_5_m.v                                       ; --            ; --          ; --             ;
; MISC_FILE                           ; nco-library/asj_nco_derot.v                                    ; --            ; --          ; --             ;
; MISC_FILE                           ; nco-library/segment_sel.v                                      ; --            ; --          ; --             ;
; MISC_FILE                           ; nco-library/sop_reg.v                                          ; --            ; --          ; --             ;
; MISC_FILE                           ; nco-library/cordic_reg_ser.v                                   ; --            ; --          ; --             ;
; MISC_FILE                           ; nco-library/asj_nco_isdr_mc.v                                  ; --            ; --          ; --             ;
; MISC_FILE                           ; nco-library/cordic_23_m.v                                      ; --            ; --          ; --             ;
; MISC_FILE                           ; nco-library/cord_init_pm.v                                     ; --            ; --          ; --             ;
; MISC_FILE                           ; nco-library/cordic_zxor_0p_lpm.v                               ; --            ; --          ; --             ;
; MISC_FILE                           ; nco-library/cord_init.v                                        ; --            ; --          ; --             ;
; MISC_FILE                           ; nco-library/asj_nco_mady.v                                     ; --            ; --          ; --             ;
; MISC_FILE                           ; nco-library/freq_sel_st.v                                      ; --            ; --          ; --             ;
; MISC_FILE                           ; nco-library/asj_nco_madx_cen.v                                 ; --            ; --          ; --             ;
; MISC_FILE                           ; nco-library/cordic_cnt.v                                       ; --            ; --          ; --             ;
; MISC_FILE                           ; nco-library/asj_nco_mob_w.v                                    ; --            ; --          ; --             ;
; MISC_FILE                           ; nco-library/m_output_blk_w.v                                   ; --            ; --          ; --             ;
; MISC_FILE                           ; nco-library/asj_altqmcpipe_rst.v                               ; --            ; --          ; --             ;
; MISC_FILE                           ; nco-library/asj_dxx_g.v                                        ; --            ; --          ; --             ;
; MISC_FILE                           ; nco-library/auk_dspip_delay.vhd                                ; --            ; --          ; --             ;
; MISC_FILE                           ; nco-library/cordic_22_m.v                                      ; --            ; --          ; --             ;
; MISC_FILE                           ; nco-library/las.v                                              ; --            ; --          ; --             ;
; MISC_FILE                           ; nco-library/cord_2c.v                                          ; --            ; --          ; --             ;
; MISC_FILE                           ; nco-library/asj_nco_mcin.v                                     ; --            ; --          ; --             ;
; MISC_FILE                           ; nco-library/cord_seg_sel.v                                     ; --            ; --          ; --             ;
; MISC_FILE                           ; nco-library/cord_fs.v                                          ; --            ; --          ; --             ;
; MISC_FILE                           ; nco-library/auk_dspip_lib_pkg.vhd                              ; --            ; --          ; --             ;
; MISC_FILE                           ; nco-library/asj_nco_pxx.v                                      ; --            ; --          ; --             ;
; MISC_FILE                           ; nco-library/cordic_axor_ser.v                                  ; --            ; --          ; --             ;
; MISC_FILE                           ; nco-library/cordic_29_m.v                                      ; --            ; --          ; --             ;
; MISC_FILE                           ; nco-library/cord_lut_1p.v                                      ; --            ; --          ; --             ;
; MISC_FILE                           ; nco-library/cordic_11_m.v                                      ; --            ; --          ; --             ;
; MISC_FILE                           ; nco-library/cordic_18_m.v                                      ; --            ; --          ; --             ;
; MISC_FILE                           ; nco-library/cordic_axor_0p_lpm.v                               ; --            ; --          ; --             ;
; MISC_FILE                           ; nco-library/cordic_16_m.v                                      ; --            ; --          ; --             ;
; MISC_FILE                           ; nco-library/asj_nco_d1gam.v                                    ; --            ; --          ; --             ;
; MISC_FILE                           ; nco-library/cordic_4_m.v                                       ; --            ; --          ; --             ;
; MISC_FILE                           ; nco-library/cordic_20_m.v                                      ; --            ; --          ; --             ;
; MISC_FILE                           ; nco-library/asj_gar.v                                          ; --            ; --          ; --             ;
; MISC_FILE                           ; nco-library/cordic_6_m.v                                       ; --            ; --          ; --             ;
; MISC_FILE                           ; nco-library/cord_rot_sgl.v                                     ; --            ; --          ; --             ;
; MISC_FILE                           ; nco-library/asj_nco_fxx.v                                      ; --            ; --          ; --             ;
; MISC_FILE                           ; nco-library/asj_nco_apr_dxx.v                                  ; --            ; --          ; --             ;
; MISC_FILE                           ; nco-library/auk_dspip_avalon_streaming_block_source.vhd        ; --            ; --          ; --             ;
; MISC_FILE                           ; nco-library/asj_crs.v                                          ; --            ; --          ; --             ;
; MISC_FILE                           ; nco-library/asj_gal.v                                          ; --            ; --          ; --             ;
; MISC_FILE                           ; nco-library/cord_init_ser_pm.v                                 ; --            ; --          ; --             ;
; MISC_FILE                           ; nco-library/cordic_7_m.v                                       ; --            ; --          ; --             ;
; MISC_FILE                           ; nco-library/asj_nco_madx.v                                     ; --            ; --          ; --             ;
; MISC_FILE                           ; nco-library/asj_altqmcpipe.v                                   ; --            ; --          ; --             ;
; MISC_FILE                           ; nco-library/asj_nco_m.v                                        ; --            ; --          ; --             ;
; MISC_FILE                           ; nco-library/cordic_12_m.v                                      ; --            ; --          ; --             ;
; MISC_FILE                           ; nco-library/asj_nco_lp_m.v                                     ; --            ; --          ; --             ;
; MISC_FILE                           ; nco-library/asj_gam.v                                          ; --            ; --          ; --             ;
; MISC_FILE                           ; nco-library/auk_dspip_math_pkg.vhd                             ; --            ; --          ; --             ;
; MISC_FILE                           ; nco-library/cordic_21_m.v                                      ; --            ; --          ; --             ;
; MISC_FILE                           ; nco-library/cordic_32_m.v                                      ; --            ; --          ; --             ;
; MISC_FILE                           ; nco-library/auk_dspip_avalon_streaming_source.vhd              ; --            ; --          ; --             ;
; MISC_FILE                           ; nco-library/auk_dspip_avalon_streaming_block_sink.vhd          ; --            ; --          ; --             ;
; MISC_FILE                           ; nco-library/cordic_axor_2p_lpm.v                               ; --            ; --          ; --             ;
; MISC_FILE                           ; nco-library/cordic_14_m.v                                      ; --            ; --          ; --             ;
; MISC_FILE                           ; nco-library/cordic_13_m.v                                      ; --            ; --          ; --             ;
; MISC_FILE                           ; nco-library/asj_nco_pmd2.v                                     ; --            ; --          ; --             ;
; MISC_FILE                           ; nco-library/m_output_blk_reg.v                                 ; --            ; --          ; --             ;
; MISC_FILE                           ; nco-library/asj_altqmcash.v                                    ; --            ; --          ; --             ;
; MISC_FILE                           ; nco-library/asj_gam_dp.v                                       ; --            ; --          ; --             ;
; MISC_FILE                           ; nco-library/cordic_sxor_ser.v                                  ; --            ; --          ; --             ;
; MISC_FILE                           ; nco-library/cordic_9_m.v                                       ; --            ; --          ; --             ;
; MISC_FILE                           ; nco-library/cordic_17_m.v                                      ; --            ; --          ; --             ;
; MISC_FILE                           ; nco-library/cordic_3_m.v                                       ; --            ; --          ; --             ;
; MISC_FILE                           ; nco-library/asj_nco_as_m_cen.v                                 ; --            ; --          ; --             ;
; MISC_FILE                           ; nco-library/cord_init_ser.v                                    ; --            ; --          ; --             ;
; MISC_FILE                           ; nco-library/asj_nco_as_m_dp_cen.v                              ; --            ; --          ; --             ;
; MISC_FILE                           ; nco-library/cordic_axor_1p_lpm.v                               ; --            ; --          ; --             ;
; MISC_FILE                           ; nco-library/cordic_sxor_0p_lpm.v                               ; --            ; --          ; --             ;
; MISC_FILE                           ; nco-library/lms.v                                              ; --            ; --          ; --             ;
; MISC_FILE                           ; nco-library/cordic_zxor_2p_lpm.v                               ; --            ; --          ; --             ;
; MISC_FILE                           ; nco-library/segment_sel_sgl.v                                  ; --            ; --          ; --             ;
; MISC_FILE                           ; nco-library/cordic_cnt_sig.v                                   ; --            ; --          ; --             ;
; MISC_FILE                           ; nco-library/mac_i_lpm.v                                        ; --            ; --          ; --             ;
; MISC_FILE                           ; nco-library/cordic_sxor_2p_lpm.v                               ; --            ; --          ; --             ;
; MISC_FILE                           ; nco-library/asj_nco_mciosel.v                                  ; --            ; --          ; --             ;
; MISC_FILE                           ; nco-library/asj_nco_mady_cen.v                                 ; --            ; --          ; --             ;
; MISC_FILE                           ; nco-library/cord_rot_dual.v                                    ; --            ; --          ; --             ;
; MISC_FILE                           ; nco-library/sid_2c_1p.v                                        ; --            ; --          ; --             ;
; MISC_FILE                           ; nco-library/auk_dspip_avalon_streaming_block_sink_fftfprvs.vhd ; --            ; --          ; --             ;
; MISC_FILE                           ; nco-library/auk_dspip_avalon_streaming_controller.vhd          ; --            ; --          ; --             ;
; MISC_FILE                           ; nco-library/asj_crd.v                                          ; --            ; --          ; --             ;
; MISC_FILE                           ; nco-library/asj_nco_as_m.v                                     ; --            ; --          ; --             ;
; MISC_FILE                           ; nco-library/cordic_28_m.v                                      ; --            ; --          ; --             ;
; MISC_FILE                           ; nco-library/cordic_31_m.v                                      ; --            ; --          ; --             ;
; MISC_FILE                           ; nco-library/asj_nco_aprid_dxx.v                                ; --            ; --          ; --             ;
; MISC_FILE                           ; nco-library/asj_nco_isdr.v                                     ; --            ; --          ; --             ;
; MISC_FILE                           ; nco-library/cordic_25_m.v                                      ; --            ; --          ; --             ;
; MISC_FILE                           ; nco-library/m_output_blk_rw.v                                  ; --            ; --          ; --             ;
; MISC_FILE                           ; nco_20hz.vhd                                                   ; --            ; --          ; --             ;
; MISC_FILE                           ; nco_20hz.cmp                                                   ; --            ; --          ; --             ;
; MISC_FILE                           ; nco_20hz.bsf                                                   ; --            ; --          ; --             ;
; MISC_FILE                           ; nco_20hz_st.v                                                  ; --            ; --          ; --             ;
; MISC_FILE                           ; nco_20hz.vho                                                   ; --            ; --          ; --             ;
; MISC_FILE                           ; nco_20hz_tb.vhd                                                ; --            ; --          ; --             ;
; MISC_FILE                           ; nco_20hz_vho_msim.tcl                                          ; --            ; --          ; --             ;
; MISC_FILE                           ; nco_20hz_wave.do                                               ; --            ; --          ; --             ;
; MISC_FILE                           ; nco_20hz_model.m                                               ; --            ; --          ; --             ;
; MISC_FILE                           ; nco_20hz_tb.m                                                  ; --            ; --          ; --             ;
; MISC_FILE                           ; nco_20hz_sin_f.hex                                             ; --            ; --          ; --             ;
; MISC_FILE                           ; nco_20hz_cos_f.hex                                             ; --            ; --          ; --             ;
; MISC_FILE                           ; nco_20hz_sin_c.hex                                             ; --            ; --          ; --             ;
; MISC_FILE                           ; nco_20hz_cos_c.hex                                             ; --            ; --          ; --             ;
; MISC_FILE                           ; nco_20hz.vec                                                   ; --            ; --          ; --             ;
; MISC_FILE                           ; nco_20hz_nativelink.tcl                                        ; --            ; --          ; --             ;
; MISC_FILE                           ; nco_20hz.qip                                                   ; --            ; --          ; --             ;
; MISC_FILE                           ; nco_20hz.html                                                  ; --            ; --          ; --             ;
; MISC_FILE                           ; nco-library/cordic_24_m.v                                      ; --            ; --          ; --             ;
; MISC_FILE                           ; nco-library/asj_nco_pmd2gam.v                                  ; --            ; --          ; --             ;
; MISC_FILE                           ; nco-library/asj_nco_mob_sw.v                                   ; --            ; --          ; --             ;
; MISC_FILE                           ; nco-library/cordic_15_m.v                                      ; --            ; --          ; --             ;
; MISC_FILE                           ; nco-library/auk_dspip_text_pkg.vhd                             ; --            ; --          ; --             ;
; MISC_FILE                           ; nco-library/cordic_30_m.v                                      ; --            ; --          ; --             ;
; MISC_FILE                           ; nco-library/segment_arr_tdl.v                                  ; --            ; --          ; --             ;
; MISC_FILE                           ; nco-library/cord_acc_ena.v                                     ; --            ; --          ; --             ;
; MISC_FILE                           ; nco-library/cordic_zxor_1p_lpm.v                               ; --            ; --          ; --             ;
; MISC_FILE                           ; nco-library/cordic_8_m.v                                       ; --            ; --          ; --             ;
; MISC_FILE                           ; nco-library/dop_reg.v                                          ; --            ; --          ; --             ;
; MISC_FILE                           ; nco-library/cord_lut.v                                         ; --            ; --          ; --             ;
; MISC_FILE                           ; nco-library/auk_dspip_avalon_streaming_sink.vhd                ; --            ; --          ; --             ;
; MISC_FILE                           ; nco-library/auk_dspip_avalon_streaming_controller_pe.vhd       ; --            ; --          ; --             ;
; MISC_FILE                           ; nco-library/asj_nco_isdr_throughput2.v                         ; --            ; --          ; --             ;
; MISC_FILE                           ; nco-library/cordic_zxor_ser.v                                  ; --            ; --          ; --             ;
; MISC_FILE                           ; nco-library/mac_i_lpmd.v                                       ; --            ; --          ; --             ;
; MISC_FILE                           ; nco-library/asj_altq.v                                         ; --            ; --          ; --             ;
; MISC_FILE                           ; nco-library/asj_nco_as_m_dp.v                                  ; --            ; --          ; --             ;
; MISC_FILE                           ; nco-library/asj_nco_mcout.v                                    ; --            ; --          ; --             ;
; MISC_FILE                           ; nco-library/asj_dxx.v                                          ; --            ; --          ; --             ;
; MISC_FILE                           ; nco-library/lmsd.v                                             ; --            ; --          ; --             ;
; MISC_FILE                           ; nco-library/cord_en.v                                          ; --            ; --          ; --             ;
; MISC_FILE                           ; nco-library/asj_nco_mob_rw.v                                   ; --            ; --          ; --             ;
; MISC_FILE                           ; nco-library/cordic_26_m.v                                      ; --            ; --          ; --             ;
; MISC_FILE                           ; nco-library/cordic_sxor_1p_lpm.v                               ; --            ; --          ; --             ;
; MISC_FILE                           ; nco-library/cordic_27_m.v                                      ; --            ; --          ; --             ;
; MISC_FILE                           ; nco-library/asj_xnqg.v                                         ; --            ; --          ; --             ;
; MISC_FILE                           ; nco-library/cordic_10_m.v                                      ; --            ; --          ; --             ;
; MISC_FILE                           ; nco-library/cordic_19_m.v                                      ; --            ; --          ; --             ;
; MISC_FILE                           ; nco-library/cordic_5_m.v                                       ; --            ; --          ; --             ;
; MISC_FILE                           ; nco-library/asj_nco_derot.v                                    ; --            ; --          ; --             ;
; MISC_FILE                           ; nco-library/segment_sel.v                                      ; --            ; --          ; --             ;
; MISC_FILE                           ; nco-library/sop_reg.v                                          ; --            ; --          ; --             ;
; MISC_FILE                           ; nco-library/cordic_reg_ser.v                                   ; --            ; --          ; --             ;
; MISC_FILE                           ; nco-library/asj_nco_isdr_mc.v                                  ; --            ; --          ; --             ;
; MISC_FILE                           ; nco-library/cordic_23_m.v                                      ; --            ; --          ; --             ;
; MISC_FILE                           ; nco-library/cord_init_pm.v                                     ; --            ; --          ; --             ;
; MISC_FILE                           ; nco-library/cordic_zxor_0p_lpm.v                               ; --            ; --          ; --             ;
; MISC_FILE                           ; nco-library/cord_init.v                                        ; --            ; --          ; --             ;
; MISC_FILE                           ; nco-library/asj_nco_mady.v                                     ; --            ; --          ; --             ;
; MISC_FILE                           ; nco-library/freq_sel_st.v                                      ; --            ; --          ; --             ;
; MISC_FILE                           ; nco-library/asj_nco_madx_cen.v                                 ; --            ; --          ; --             ;
; MISC_FILE                           ; nco-library/cordic_cnt.v                                       ; --            ; --          ; --             ;
; MISC_FILE                           ; nco-library/asj_nco_mob_w.v                                    ; --            ; --          ; --             ;
; MISC_FILE                           ; nco-library/m_output_blk_w.v                                   ; --            ; --          ; --             ;
; MISC_FILE                           ; nco-library/asj_altqmcpipe_rst.v                               ; --            ; --          ; --             ;
; MISC_FILE                           ; nco-library/asj_dxx_g.v                                        ; --            ; --          ; --             ;
; MISC_FILE                           ; nco-library/auk_dspip_delay.vhd                                ; --            ; --          ; --             ;
; MISC_FILE                           ; nco-library/cordic_22_m.v                                      ; --            ; --          ; --             ;
; MISC_FILE                           ; nco-library/las.v                                              ; --            ; --          ; --             ;
; MISC_FILE                           ; nco-library/cord_2c.v                                          ; --            ; --          ; --             ;
; MISC_FILE                           ; nco-library/asj_nco_mcin.v                                     ; --            ; --          ; --             ;
; MISC_FILE                           ; nco-library/cord_seg_sel.v                                     ; --            ; --          ; --             ;
; MISC_FILE                           ; nco-library/cord_fs.v                                          ; --            ; --          ; --             ;
; MISC_FILE                           ; nco-library/auk_dspip_lib_pkg.vhd                              ; --            ; --          ; --             ;
; MISC_FILE                           ; nco-library/asj_nco_pxx.v                                      ; --            ; --          ; --             ;
; MISC_FILE                           ; nco-library/cordic_axor_ser.v                                  ; --            ; --          ; --             ;
; MISC_FILE                           ; nco-library/cordic_29_m.v                                      ; --            ; --          ; --             ;
; MISC_FILE                           ; nco-library/cord_lut_1p.v                                      ; --            ; --          ; --             ;
; MISC_FILE                           ; nco-library/cordic_11_m.v                                      ; --            ; --          ; --             ;
; MISC_FILE                           ; nco-library/cordic_18_m.v                                      ; --            ; --          ; --             ;
; MISC_FILE                           ; nco-library/cordic_axor_0p_lpm.v                               ; --            ; --          ; --             ;
; MISC_FILE                           ; nco-library/cordic_16_m.v                                      ; --            ; --          ; --             ;
; MISC_FILE                           ; nco-library/asj_nco_d1gam.v                                    ; --            ; --          ; --             ;
; MISC_FILE                           ; nco-library/cordic_4_m.v                                       ; --            ; --          ; --             ;
; MISC_FILE                           ; nco-library/cordic_20_m.v                                      ; --            ; --          ; --             ;
; MISC_FILE                           ; nco-library/asj_gar.v                                          ; --            ; --          ; --             ;
; MISC_FILE                           ; nco-library/cordic_6_m.v                                       ; --            ; --          ; --             ;
; MISC_FILE                           ; nco-library/cord_rot_sgl.v                                     ; --            ; --          ; --             ;
; MISC_FILE                           ; nco-library/asj_nco_fxx.v                                      ; --            ; --          ; --             ;
; MISC_FILE                           ; nco-library/asj_nco_apr_dxx.v                                  ; --            ; --          ; --             ;
; MISC_FILE                           ; nco-library/auk_dspip_avalon_streaming_block_source.vhd        ; --            ; --          ; --             ;
; MISC_FILE                           ; nco-library/asj_crs.v                                          ; --            ; --          ; --             ;
; MISC_FILE                           ; nco-library/asj_gal.v                                          ; --            ; --          ; --             ;
; MISC_FILE                           ; nco-library/cord_init_ser_pm.v                                 ; --            ; --          ; --             ;
; MISC_FILE                           ; nco-library/cordic_7_m.v                                       ; --            ; --          ; --             ;
; MISC_FILE                           ; nco-library/asj_nco_madx.v                                     ; --            ; --          ; --             ;
; MISC_FILE                           ; nco-library/asj_altqmcpipe.v                                   ; --            ; --          ; --             ;
; MISC_FILE                           ; nco-library/asj_nco_m.v                                        ; --            ; --          ; --             ;
; MISC_FILE                           ; nco-library/cordic_12_m.v                                      ; --            ; --          ; --             ;
; MISC_FILE                           ; nco-library/asj_nco_lp_m.v                                     ; --            ; --          ; --             ;
; MISC_FILE                           ; nco-library/asj_gam.v                                          ; --            ; --          ; --             ;
; MISC_FILE                           ; nco-library/auk_dspip_math_pkg.vhd                             ; --            ; --          ; --             ;
; MISC_FILE                           ; nco-library/cordic_21_m.v                                      ; --            ; --          ; --             ;
; MISC_FILE                           ; nco-library/cordic_32_m.v                                      ; --            ; --          ; --             ;
; MISC_FILE                           ; nco-library/auk_dspip_avalon_streaming_source.vhd              ; --            ; --          ; --             ;
; MISC_FILE                           ; nco-library/auk_dspip_avalon_streaming_block_sink.vhd          ; --            ; --          ; --             ;
; MISC_FILE                           ; nco-library/cordic_axor_2p_lpm.v                               ; --            ; --          ; --             ;
; MISC_FILE                           ; nco-library/cordic_14_m.v                                      ; --            ; --          ; --             ;
; MISC_FILE                           ; nco-library/cordic_13_m.v                                      ; --            ; --          ; --             ;
; MISC_FILE                           ; nco-library/asj_nco_pmd2.v                                     ; --            ; --          ; --             ;
; MISC_FILE                           ; nco-library/m_output_blk_reg.v                                 ; --            ; --          ; --             ;
; MISC_FILE                           ; nco-library/asj_altqmcash.v                                    ; --            ; --          ; --             ;
; MISC_FILE                           ; nco-library/asj_gam_dp.v                                       ; --            ; --          ; --             ;
; MISC_FILE                           ; nco-library/cordic_sxor_ser.v                                  ; --            ; --          ; --             ;
; MISC_FILE                           ; nco-library/cordic_9_m.v                                       ; --            ; --          ; --             ;
; MISC_FILE                           ; nco-library/cordic_17_m.v                                      ; --            ; --          ; --             ;
; MISC_FILE                           ; nco-library/cordic_3_m.v                                       ; --            ; --          ; --             ;
; MISC_FILE                           ; nco-library/asj_nco_as_m_cen.v                                 ; --            ; --          ; --             ;
; MISC_FILE                           ; nco-library/cord_init_ser.v                                    ; --            ; --          ; --             ;
; MISC_FILE                           ; nco-library/asj_nco_as_m_dp_cen.v                              ; --            ; --          ; --             ;
; MISC_FILE                           ; nco-library/cordic_axor_1p_lpm.v                               ; --            ; --          ; --             ;
; MISC_FILE                           ; nco-library/cordic_sxor_0p_lpm.v                               ; --            ; --          ; --             ;
; MISC_FILE                           ; nco-library/lms.v                                              ; --            ; --          ; --             ;
; MISC_FILE                           ; nco-library/cordic_zxor_2p_lpm.v                               ; --            ; --          ; --             ;
; MISC_FILE                           ; nco-library/segment_sel_sgl.v                                  ; --            ; --          ; --             ;
; MISC_FILE                           ; nco-library/cordic_cnt_sig.v                                   ; --            ; --          ; --             ;
; MISC_FILE                           ; nco-library/mac_i_lpm.v                                        ; --            ; --          ; --             ;
; MISC_FILE                           ; nco-library/cordic_sxor_2p_lpm.v                               ; --            ; --          ; --             ;
; MISC_FILE                           ; nco-library/asj_nco_mciosel.v                                  ; --            ; --          ; --             ;
; MISC_FILE                           ; nco-library/asj_nco_mady_cen.v                                 ; --            ; --          ; --             ;
; MISC_FILE                           ; nco-library/cord_rot_dual.v                                    ; --            ; --          ; --             ;
; MISC_FILE                           ; nco-library/sid_2c_1p.v                                        ; --            ; --          ; --             ;
; MISC_FILE                           ; nco-library/auk_dspip_avalon_streaming_block_sink_fftfprvs.vhd ; --            ; --          ; --             ;
; MISC_FILE                           ; nco-library/auk_dspip_avalon_streaming_controller.vhd          ; --            ; --          ; --             ;
; MISC_FILE                           ; nco-library/asj_crd.v                                          ; --            ; --          ; --             ;
; MISC_FILE                           ; nco-library/asj_nco_as_m.v                                     ; --            ; --          ; --             ;
; MISC_FILE                           ; nco-library/cordic_28_m.v                                      ; --            ; --          ; --             ;
; MISC_FILE                           ; nco-library/cordic_31_m.v                                      ; --            ; --          ; --             ;
; MISC_FILE                           ; nco-library/asj_nco_aprid_dxx.v                                ; --            ; --          ; --             ;
; MISC_FILE                           ; nco-library/asj_nco_isdr.v                                     ; --            ; --          ; --             ;
; MISC_FILE                           ; nco-library/cordic_25_m.v                                      ; --            ; --          ; --             ;
; MISC_FILE                           ; nco-library/m_output_blk_rw.v                                  ; --            ; --          ; --             ;
; MISC_FILE                           ; nco_35Mhz.vhd                                                  ; --            ; --          ; --             ;
; MISC_FILE                           ; nco_35Mhz.cmp                                                  ; --            ; --          ; --             ;
; MISC_FILE                           ; nco_35Mhz.bsf                                                  ; --            ; --          ; --             ;
; MISC_FILE                           ; nco_35Mhz_st.v                                                 ; --            ; --          ; --             ;
; MISC_FILE                           ; nco_35Mhz.vho                                                  ; --            ; --          ; --             ;
; MISC_FILE                           ; nco_35Mhz_tb.vhd                                               ; --            ; --          ; --             ;
; MISC_FILE                           ; nco_35Mhz_vho_msim.tcl                                         ; --            ; --          ; --             ;
; MISC_FILE                           ; nco_35Mhz_wave.do                                              ; --            ; --          ; --             ;
; MISC_FILE                           ; nco_35Mhz_model.m                                              ; --            ; --          ; --             ;
; MISC_FILE                           ; nco_35Mhz_tb.m                                                 ; --            ; --          ; --             ;
; MISC_FILE                           ; nco_35Mhz_sin_f.hex                                            ; --            ; --          ; --             ;
; MISC_FILE                           ; nco_35Mhz_cos_f.hex                                            ; --            ; --          ; --             ;
; MISC_FILE                           ; nco_35Mhz_sin_c.hex                                            ; --            ; --          ; --             ;
; MISC_FILE                           ; nco_35Mhz_cos_c.hex                                            ; --            ; --          ; --             ;
; MISC_FILE                           ; nco_35Mhz.vec                                                  ; --            ; --          ; --             ;
; MISC_FILE                           ; nco_35Mhz_nativelink.tcl                                       ; --            ; --          ; --             ;
; MISC_FILE                           ; nco_35Mhz.qip                                                  ; --            ; --          ; --             ;
; MISC_FILE                           ; nco_35Mhz.html                                                 ; --            ; --          ; --             ;
; OUTPUT_IO_TIMING_FAR_END_VMEAS      ; Half Signal Swing                                              ; --            ; --          ; --             ;
; OUTPUT_IO_TIMING_FAR_END_VMEAS      ; Half Signal Swing                                              ; --            ; --          ; --             ;
; OUTPUT_IO_TIMING_NEAR_END_VMEAS     ; Half Vccio                                                     ; --            ; --          ; --             ;
; OUTPUT_IO_TIMING_NEAR_END_VMEAS     ; Half Vccio                                                     ; --            ; --          ; --             ;
; PARTITION_COLOR                     ; 16764057                                                       ; --            ; --          ; Top            ;
; PARTITION_FITTER_PRESERVATION_LEVEL ; PLACEMENT_AND_ROUTING                                          ; --            ; --          ; Top            ;
; PARTITION_NETLIST_TYPE              ; SOURCE                                                         ; --            ; --          ; Top            ;
; PROJECT_OUTPUT_DIRECTORY            ; output_files                                                   ; --            ; --          ; --             ;
; SEARCH_PATH                         ; .                                                              ; --            ; --          ; --             ;
; SEARCH_PATH                         ; nco-library                                                    ; --            ; --          ; --             ;
; SEARCH_PATH                         ; .                                                              ; --            ; --          ; --             ;
; SEARCH_PATH                         ; nco-library                                                    ; --            ; --          ; --             ;
; SPD_FILE                            ; pll_125.spd                                                    ; --            ; --          ; --             ;
; SYNTHESIS_ONLY_QIP                  ; On                                                             ; --            ; --          ; --             ;
+-------------------------------------+----------------------------------------------------------------+---------------+-------------+----------------+


+-------------------------------------------------------------------------------------------------------------------------------+
; Flow Elapsed Time                                                                                                             ;
+---------------------------+--------------+-------------------------+---------------------+------------------------------------+
; Module Name               ; Elapsed Time ; Average Processors Used ; Peak Virtual Memory ; Total CPU Time (on all processors) ;
+---------------------------+--------------+-------------------------+---------------------+------------------------------------+
; Analysis & Synthesis      ; 00:00:23     ; 1.0                     ; 1301 MB             ; 00:00:37                           ;
; Fitter                    ; 00:01:32     ; 2.4                     ; 2271 MB             ; 00:03:16                           ;
; Assembler                 ; 00:00:09     ; 1.0                     ; 1054 MB             ; 00:00:08                           ;
; TimeQuest Timing Analyzer ; 00:00:17     ; 2.9                     ; 1461 MB             ; 00:00:42                           ;
; EDA Netlist Writer        ; 00:00:03     ; 1.0                     ; 1408 MB             ; 00:00:03                           ;
; Total                     ; 00:02:24     ; --                      ; --                  ; 00:04:46                           ;
+---------------------------+--------------+-------------------------+---------------------+------------------------------------+


+-----------------------------------------------------------------------------------------------+
; Flow OS Summary                                                                               ;
+---------------------------+------------------+------------------+------------+----------------+
; Module Name               ; Machine Hostname ; OS Name          ; OS Version ; Processor type ;
+---------------------------+------------------+------------------+------------+----------------+
; Analysis & Synthesis      ; debian           ; Debian GNU/Linux ; 8          ; x86_64         ;
; Fitter                    ; debian           ; Debian GNU/Linux ; 8          ; x86_64         ;
; Assembler                 ; debian           ; Debian GNU/Linux ; 8          ; x86_64         ;
; TimeQuest Timing Analyzer ; debian           ; Debian GNU/Linux ; 8          ; x86_64         ;
; EDA Netlist Writer        ; debian           ; Debian GNU/Linux ; 8          ; x86_64         ;
+---------------------------+------------------+------------------+------------+----------------+


------------
; Flow Log ;
------------
quartus_map --read_settings_files=on --write_settings_files=off dac -c dac
quartus_fit --read_settings_files=off --write_settings_files=off dac -c dac
quartus_asm --read_settings_files=off --write_settings_files=off dac -c dac
quartus_sta dac -c dac
quartus_eda --read_settings_files=off --write_settings_files=off dac -c dac



